2025-01-30 16:51:31,703 - root - INFO - Logger initialized.
2025-01-30 16:51:31,704 - src - INFO - App logging ready.
2025-01-30 16:51:31,729 - src.section_classes - INFO - Initialized Animal
2025-01-30 16:51:31,729 - src.section_classes - INFO - Initialized Animal
2025-01-30 16:51:31,730 - src.section_classes - INFO - Making Animal sound
2025-01-30 16:51:31,730 - src.section_classes - INFO - Making Dog sound
2025-01-30 16:51:31,730 - src.section_classes - INFO - Dog running
2025-01-30 16:51:31,763 - src.section_classes - INFO - Initialized Animal
2025-01-30 16:55:27,602 - root - INFO - Logger initialized.
2025-01-30 16:55:27,602 - src - INFO - App logging ready.
2025-01-30 16:55:47,632 - root - INFO - Logger initialized.
2025-01-30 16:55:47,632 - src - INFO - App logging ready.
2025-01-30 16:55:53,915 - root - INFO - Logger initialized.
2025-01-30 16:55:53,915 - src - INFO - App logging ready.
2025-01-30 16:56:02,496 - root - INFO - Logger initialized.
2025-01-30 16:56:02,497 - src - INFO - App logging ready.
2025-01-30 16:56:10,801 - root - INFO - Logger initialized.
2025-01-30 16:56:10,801 - src - INFO - App logging ready.
2025-01-30 16:56:10,811 - src.section_classes - INFO - Initialized Animal
2025-01-30 16:56:10,811 - src.section_classes - INFO - Initialized Animal
2025-01-30 16:56:10,811 - src.section_classes - INFO - Making Animal sound
2025-01-30 16:56:10,811 - src.section_classes - INFO - Making Dog sound
2025-01-30 16:56:10,812 - src.section_classes - INFO - Animal running
2025-01-30 16:56:10,845 - src.section_classes - INFO - Initialized Animal
2025-01-30 16:59:51,893 - root - INFO - Logger initialized.
2025-01-30 16:59:51,894 - src - INFO - App logging ready.
2025-01-30 16:59:58,965 - root - INFO - Logger initialized.
2025-01-30 16:59:58,965 - src - INFO - App logging ready.
2025-01-30 17:00:12,457 - root - INFO - Logger initialized.
2025-01-30 17:00:12,457 - src - INFO - App logging ready.
2025-01-30 17:00:27,531 - root - INFO - Logger initialized.
2025-01-30 17:00:27,531 - src - INFO - App logging ready.
2025-01-30 17:00:27,542 - src.section_classes - INFO - Initialized Animal
2025-01-30 17:00:27,542 - src.section_classes - INFO - Initialized Animal
2025-01-30 17:00:27,542 - src.section_classes - INFO - Making Animal sound
2025-01-30 17:00:27,542 - src.section_classes - INFO - Making Dog sound
2025-01-30 17:00:27,543 - src.section_classes - INFO - Dog running
2025-01-30 17:00:27,544 - src.section_classes - INFO - Dog running
2025-01-30 17:00:27,544 - src.section_classes - INFO - Making Animal sound
2025-01-30 17:00:27,578 - src.section_classes - INFO - Initialized Animal
2025-01-30 17:01:53,129 - root - INFO - Logger initialized.
2025-01-30 17:01:53,129 - src - INFO - App logging ready.
2025-01-30 17:01:54,605 - root - INFO - Logger initialized.
2025-01-30 17:01:54,605 - src - INFO - App logging ready.
2025-01-30 17:01:58,423 - root - INFO - Logger initialized.
2025-01-30 17:01:58,423 - src - INFO - App logging ready.
2025-01-30 17:02:08,318 - root - INFO - Logger initialized.
2025-01-30 17:02:08,319 - src - INFO - App logging ready.
2025-01-30 17:02:11,921 - root - INFO - Logger initialized.
2025-01-30 17:02:11,921 - src - INFO - App logging ready.
2025-01-30 17:02:11,932 - src.section_classes - INFO - Initialized Animal
2025-01-30 17:02:11,932 - src.section_classes - INFO - Initialized Animal
2025-01-30 17:02:11,933 - src.section_classes - INFO - Making Animal sound
2025-01-30 17:02:11,933 - src.section_classes - INFO - Making Dog sound
2025-01-30 17:02:11,933 - src.section_classes - INFO - Dog running
2025-01-30 17:02:11,933 - src.section_classes - INFO - Dog running
2025-01-30 17:02:11,933 - src.section_classes - INFO - Making Dog sound
2025-01-30 17:02:11,934 - src.section_classes - INFO - Initialized Animal
2025-01-30 17:14:16,748 - root - INFO - Logger initialized.
2025-01-30 17:14:16,748 - src - INFO - App logging ready.
2025-01-30 17:14:20,442 - root - INFO - Logger initialized.
2025-01-30 17:14:20,442 - src - INFO - App logging ready.
2025-01-30 17:14:20,454 - src.section_classes - INFO - Initialized Animal
2025-01-30 17:14:20,454 - src.section_classes - INFO - Initialized Animal
2025-01-30 17:14:20,454 - src.section_classes - INFO - Making Animal sound
2025-01-30 17:14:20,454 - src.section_classes - INFO - Making Dog sound
2025-01-30 17:14:20,455 - src.section_classes - INFO - Dog running
2025-01-30 17:14:20,455 - src.section_classes - INFO - Dog running
2025-01-30 17:14:20,455 - src.section_classes - INFO - Making Dog sound
2025-01-30 17:14:20,456 - src.section_classes - INFO - Initialized Animal
2025-01-30 17:15:12,824 - root - INFO - Logger initialized.
2025-01-30 17:15:12,824 - src - INFO - App logging ready.
2025-01-30 17:15:21,455 - root - INFO - Logger initialized.
2025-01-30 17:15:21,455 - src - INFO - App logging ready.
2025-01-30 17:15:31,340 - root - INFO - Logger initialized.
2025-01-30 17:15:31,340 - src - INFO - App logging ready.
2025-01-30 17:15:37,014 - root - INFO - Logger initialized.
2025-01-30 17:15:37,014 - src - INFO - App logging ready.
2025-01-30 17:15:38,830 - root - INFO - Logger initialized.
2025-01-30 17:15:38,830 - src - INFO - App logging ready.
2025-01-30 17:15:47,366 - root - INFO - Logger initialized.
2025-01-30 17:15:47,366 - src - INFO - App logging ready.
2025-01-30 17:15:49,928 - root - INFO - Logger initialized.
2025-01-30 17:15:49,929 - src - INFO - App logging ready.
2025-01-30 17:16:12,217 - root - INFO - Logger initialized.
2025-01-30 17:16:12,217 - src - INFO - App logging ready.
2025-01-30 17:16:12,227 - src.section_classes - INFO - Initialized Animal
2025-01-30 17:16:12,227 - src.section_classes - INFO - Initialized Animal
2025-01-30 17:16:12,228 - src.section_classes - INFO - Making Animal sound
2025-01-30 17:16:12,228 - src.section_classes - INFO - Making Dog sound
2025-01-30 17:16:12,228 - src.section_classes - INFO - Dog running
2025-01-30 17:16:12,228 - src.section_classes - INFO - Dog running
2025-01-30 17:16:12,228 - src.section_classes - INFO - Making Dog sound
2025-01-30 17:16:12,229 - src.section_classes - INFO - Initialized Animal
2025-01-30 17:16:52,403 - root - INFO - Logger initialized.
2025-01-30 17:16:52,403 - src - INFO - App logging ready.
2025-01-30 17:16:59,794 - root - INFO - Logger initialized.
2025-01-30 17:16:59,794 - src - INFO - App logging ready.
2025-01-30 17:16:59,806 - src.section_classes - INFO - Initialized Animal
2025-01-30 17:16:59,807 - src.section_classes - INFO - Initialized Animal
2025-01-30 17:16:59,807 - src.section_classes - INFO - Making Animal sound
2025-01-30 17:16:59,807 - src.section_classes - INFO - Making Dog sound
2025-01-30 17:16:59,808 - src.section_classes - INFO - Dog running
2025-01-30 17:16:59,808 - src.section_classes - INFO - Dog running
2025-01-30 17:16:59,808 - src.section_classes - INFO - Making Dog sound
2025-01-30 17:16:59,809 - src.section_classes - INFO - Initialized Animal
2025-01-30 17:17:41,133 - root - INFO - Logger initialized.
2025-01-30 17:17:41,133 - src - INFO - App logging ready.
2025-01-30 17:18:13,718 - root - INFO - Logger initialized.
2025-01-30 17:18:13,718 - src - INFO - App logging ready.
2025-01-30 17:18:20,031 - root - INFO - Logger initialized.
2025-01-30 17:18:20,031 - src - INFO - App logging ready.
2025-01-30 17:18:27,077 - root - INFO - Logger initialized.
2025-01-30 17:18:27,077 - src - INFO - App logging ready.
2025-01-30 17:18:28,329 - root - INFO - Logger initialized.
2025-01-30 17:18:28,329 - src - INFO - App logging ready.
2025-01-30 17:18:29,956 - root - INFO - Logger initialized.
2025-01-30 17:18:29,956 - src - INFO - App logging ready.
2025-01-30 17:18:34,563 - root - INFO - Logger initialized.
2025-01-30 17:18:34,563 - src - INFO - App logging ready.
2025-01-30 17:18:36,328 - root - INFO - Logger initialized.
2025-01-30 17:18:36,328 - src - INFO - App logging ready.
2025-01-30 17:18:46,882 - root - INFO - Logger initialized.
2025-01-30 17:18:46,882 - src - INFO - App logging ready.
2025-01-30 17:18:46,892 - src.section_classes - INFO - Initialized Animal
2025-01-30 17:18:46,892 - src.section_classes - INFO - Initialized Animal
2025-01-30 17:18:46,893 - src.section_classes - INFO - Making Animal sound
2025-01-30 17:18:46,893 - src.section_classes - INFO - Making Dog sound
2025-01-30 17:18:46,893 - src.section_classes - INFO - Dog running
2025-01-30 17:18:46,893 - src.section_classes - INFO - Dog running
2025-01-30 17:18:46,894 - src.section_classes - INFO - Making Dog sound
2025-01-30 17:18:46,895 - src.section_classes - INFO - Initialized Animal
2025-01-30 17:20:05,074 - root - INFO - Logger initialized.
2025-01-30 17:20:05,074 - src - INFO - App logging ready.
2025-01-30 17:20:26,091 - root - INFO - Logger initialized.
2025-01-30 17:20:26,091 - src - INFO - App logging ready.
2025-01-30 17:20:32,133 - root - INFO - Logger initialized.
2025-01-30 17:20:32,133 - src - INFO - App logging ready.
2025-01-30 17:20:50,670 - root - INFO - Logger initialized.
2025-01-30 17:20:50,670 - src - INFO - App logging ready.
2025-01-30 17:20:54,644 - root - INFO - Logger initialized.
2025-01-30 17:20:54,644 - src - INFO - App logging ready.
2025-01-30 17:21:36,802 - root - INFO - Logger initialized.
2025-01-30 17:21:36,802 - src - INFO - App logging ready.
2025-01-30 17:21:54,716 - root - INFO - Logger initialized.
2025-01-30 17:21:54,716 - src - INFO - App logging ready.
2025-01-30 17:24:05,329 - root - INFO - Logger initialized.
2025-01-30 17:24:05,329 - src - INFO - App logging ready.
2025-01-30 17:24:27,226 - root - INFO - Logger initialized.
2025-01-30 17:24:27,226 - src - INFO - App logging ready.
2025-01-30 17:24:27,236 - src.section_classes - INFO - Initialized Animal
2025-01-30 17:24:27,236 - src.section_classes - INFO - Initialized Animal
2025-01-30 17:24:27,237 - src.section_classes - INFO - Making Animal sound
2025-01-30 17:24:27,237 - src.section_classes - INFO - Making Dog sound
2025-01-30 17:24:27,237 - src.section_classes - INFO - Dog running
2025-01-30 17:24:27,237 - src.section_classes - INFO - Dog running
2025-01-30 17:24:27,237 - src.section_classes - INFO - Making Dog sound
2025-01-30 17:24:27,238 - src.section_classes - INFO - Initialized Animal
2025-01-30 17:27:00,001 - root - INFO - Logger initialized.
2025-01-30 17:27:00,002 - src - INFO - App logging ready.
2025-01-30 17:27:06,480 - root - INFO - Logger initialized.
2025-01-30 17:27:06,480 - src - INFO - App logging ready.
2025-01-30 17:27:10,005 - root - INFO - Logger initialized.
2025-01-30 17:27:10,005 - src - INFO - App logging ready.
2025-01-30 17:27:11,838 - root - INFO - Logger initialized.
2025-01-30 17:27:11,839 - src - INFO - App logging ready.
2025-01-30 17:27:13,520 - root - INFO - Logger initialized.
2025-01-30 17:27:13,520 - src - INFO - App logging ready.
2025-01-30 17:27:21,007 - root - INFO - Logger initialized.
2025-01-30 17:27:21,008 - src - INFO - App logging ready.
2025-01-30 17:27:21,051 - src.section_classes - INFO - Initialized Animal
2025-01-30 17:28:13,859 - root - INFO - Logger initialized.
2025-01-30 17:28:13,859 - src - INFO - App logging ready.
2025-01-30 17:28:17,273 - root - INFO - Logger initialized.
2025-01-30 17:28:17,274 - src - INFO - App logging ready.
2025-01-30 17:28:20,645 - root - INFO - Logger initialized.
2025-01-30 17:28:20,645 - src - INFO - App logging ready.
2025-01-30 17:28:22,383 - root - INFO - Logger initialized.
2025-01-30 17:28:22,383 - src - INFO - App logging ready.
2025-01-30 17:28:30,490 - root - INFO - Logger initialized.
2025-01-30 17:28:30,491 - src - INFO - App logging ready.
2025-01-30 17:28:34,479 - root - INFO - Logger initialized.
2025-01-30 17:28:34,479 - src - INFO - App logging ready.
2025-01-30 17:28:42,904 - root - INFO - Logger initialized.
2025-01-30 17:28:42,904 - src - INFO - App logging ready.
2025-01-30 17:28:42,916 - src.section_classes - INFO - Initialized Animal
2025-01-30 17:28:42,917 - src.section_classes - INFO - Initialized Animal
2025-01-30 17:28:42,917 - src.section_classes - INFO - Making Animal sound
2025-01-30 17:28:42,917 - src.section_classes - INFO - Making Dog sound
2025-01-30 17:28:42,917 - src.section_classes - INFO - Dog running
2025-01-30 17:28:42,917 - src.section_classes - INFO - Dog running
2025-01-30 17:28:42,918 - src.section_classes - INFO - Making Dog sound
2025-01-30 17:28:42,919 - src.section_classes - INFO - Initialized Animal
2025-01-30 17:30:47,620 - root - INFO - Logger initialized.
2025-01-30 17:30:47,621 - src - INFO - App logging ready.
2025-01-30 17:31:19,094 - root - INFO - Logger initialized.
2025-01-30 17:31:19,094 - src - INFO - App logging ready.
2025-01-30 17:31:20,375 - root - INFO - Logger initialized.
2025-01-30 17:31:20,375 - src - INFO - App logging ready.
2025-01-30 17:31:23,039 - root - INFO - Logger initialized.
2025-01-30 17:31:23,040 - src - INFO - App logging ready.
2025-01-30 17:31:40,016 - root - INFO - Logger initialized.
2025-01-30 17:31:40,017 - src - INFO - App logging ready.
2025-01-30 17:31:45,668 - root - INFO - Logger initialized.
2025-01-30 17:31:45,668 - src - INFO - App logging ready.
2025-01-30 17:31:48,762 - root - INFO - Logger initialized.
2025-01-30 17:31:48,763 - src - INFO - App logging ready.
2025-01-30 17:31:53,791 - root - INFO - Logger initialized.
2025-01-30 17:31:53,791 - src - INFO - App logging ready.
2025-01-30 17:31:58,070 - root - INFO - Logger initialized.
2025-01-30 17:31:58,070 - src - INFO - App logging ready.
2025-01-30 17:32:02,224 - root - INFO - Logger initialized.
2025-01-30 17:32:02,225 - src - INFO - App logging ready.
2025-01-30 17:32:02,238 - src.section_classes - INFO - Initialized Animal
2025-01-30 17:32:02,238 - src.section_classes - INFO - Initialized Animal
2025-01-30 17:32:02,238 - src.section_classes - INFO - Making Animal sound
2025-01-30 17:32:02,238 - src.section_classes - INFO - Making Dog sound
2025-01-30 17:32:02,238 - src.section_classes - INFO - Dog running
2025-01-30 17:32:02,238 - src.section_classes - INFO - Dog running
2025-01-30 17:32:02,239 - src.section_classes - INFO - Making Dog sound
2025-01-30 17:32:02,240 - src.section_classes - INFO - Initialized Animal
2025-01-30 17:32:28,261 - root - INFO - Logger initialized.
2025-01-30 17:32:28,262 - src - INFO - App logging ready.
2025-01-30 17:32:48,251 - root - INFO - Logger initialized.
2025-01-30 17:32:48,251 - src - INFO - App logging ready.
2025-01-30 17:32:49,927 - root - INFO - Logger initialized.
2025-01-30 17:32:49,927 - src - INFO - App logging ready.
2025-01-30 17:32:57,309 - root - INFO - Logger initialized.
2025-01-30 17:32:57,309 - src - INFO - App logging ready.
2025-01-30 17:32:59,989 - root - INFO - Logger initialized.
2025-01-30 17:32:59,989 - src - INFO - App logging ready.
2025-01-30 17:33:05,670 - root - INFO - Logger initialized.
2025-01-30 17:33:05,670 - src - INFO - App logging ready.
2025-01-30 17:33:09,679 - root - INFO - Logger initialized.
2025-01-30 17:33:09,679 - src - INFO - App logging ready.
2025-01-30 17:33:09,689 - src.section_classes - INFO - Initialized Animal
2025-01-30 17:33:09,690 - src.section_classes - INFO - Initialized Animal
2025-01-30 17:33:09,690 - src.section_classes - INFO - Making Animal sound
2025-01-30 17:33:09,690 - src.section_classes - INFO - Making Dog sound
2025-01-30 17:33:09,690 - src.section_classes - INFO - Dog running
2025-01-30 17:33:09,690 - src.section_classes - INFO - Dog running
2025-01-30 17:33:09,691 - src.section_classes - INFO - Making Dog sound
2025-01-30 17:33:09,692 - src.section_classes - INFO - Initialized Animal
2025-01-30 17:34:05,191 - root - INFO - Logger initialized.
2025-01-30 17:34:05,191 - src - INFO - App logging ready.
2025-01-30 17:34:09,003 - root - INFO - Logger initialized.
2025-01-30 17:34:09,004 - src - INFO - App logging ready.
2025-01-30 17:34:14,910 - root - INFO - Logger initialized.
2025-01-30 17:34:14,910 - src - INFO - App logging ready.
2025-01-30 17:36:23,731 - root - INFO - Logger initialized.
2025-01-30 17:36:23,732 - src - INFO - App logging ready.
2025-01-30 17:36:23,742 - src.section_classes - INFO - Initialized Animal
2025-01-30 17:36:23,742 - src.section_classes - INFO - Initialized Animal
2025-01-30 17:36:23,743 - src.section_classes - INFO - Making Animal sound
2025-01-30 17:36:23,743 - src.section_classes - INFO - Making Dog sound
2025-01-30 17:36:23,743 - src.section_classes - INFO - Dog running
2025-01-30 17:36:23,743 - src.section_classes - INFO - Dog running
2025-01-30 17:36:23,743 - src.section_classes - INFO - Making Dog sound
2025-01-30 17:36:23,744 - src.section_classes - INFO - Initialized Animal
2025-01-30 17:36:23,745 - src.section_classes - INFO - Initialized Animal
2025-01-30 17:41:06,299 - root - INFO - Logger initialized.
2025-01-30 17:41:06,299 - src - INFO - App logging ready.
2025-01-30 17:41:08,378 - root - INFO - Logger initialized.
2025-01-30 17:41:08,379 - src - INFO - App logging ready.
2025-01-30 17:41:17,074 - root - INFO - Logger initialized.
2025-01-30 17:41:17,074 - src - INFO - App logging ready.
2025-01-30 17:41:21,632 - root - INFO - Logger initialized.
2025-01-30 17:41:21,632 - src - INFO - App logging ready.
2025-01-30 17:41:21,644 - src.section_classes - INFO - Initialized Animal
2025-01-30 17:41:21,644 - src.section_classes - INFO - Initialized Animal
2025-01-30 17:41:21,644 - src.section_classes - INFO - Making Animal sound
2025-01-30 17:41:21,644 - src.section_classes - INFO - Making Dog sound
2025-01-30 17:41:21,645 - src.section_classes - INFO - Dog running
2025-01-30 17:41:21,645 - src.section_classes - INFO - Dog running
2025-01-30 17:41:21,645 - src.section_classes - INFO - Making Dog sound
2025-01-30 17:41:21,646 - src.section_classes - INFO - Initialized Animal
2025-01-30 17:41:21,647 - src.section_classes - INFO - Initialized Animal
2025-01-30 17:43:10,414 - root - INFO - Logger initialized.
2025-01-30 17:43:10,414 - src - INFO - App logging ready.
2025-01-30 17:43:14,194 - root - INFO - Logger initialized.
2025-01-30 17:43:14,194 - src - INFO - App logging ready.
2025-01-30 17:43:14,205 - src.section_classes - INFO - Initialized Animal
2025-01-30 17:43:14,205 - src.section_classes - INFO - Initialized Animal
2025-01-30 17:43:14,205 - src.section_classes - INFO - Making Animal sound
2025-01-30 17:43:14,205 - src.section_classes - INFO - Making Dog sound
2025-01-30 17:43:14,205 - src.section_classes - INFO - Dog running
2025-01-30 17:43:14,206 - src.section_classes - INFO - Dog running
2025-01-30 17:43:14,206 - src.section_classes - INFO - Making Dog sound
2025-01-30 17:43:14,207 - src.section_classes - INFO - Initialized Animal
2025-01-30 17:43:14,208 - src.section_classes - INFO - Initialized Animal
2025-01-30 17:43:55,646 - root - INFO - Logger initialized.
2025-01-30 17:43:55,646 - src - INFO - App logging ready.
2025-01-30 17:43:58,087 - root - INFO - Logger initialized.
2025-01-30 17:43:58,088 - src - INFO - App logging ready.
2025-01-30 17:44:48,691 - root - INFO - Logger initialized.
2025-01-30 17:44:48,692 - src - INFO - App logging ready.
2025-01-30 17:44:52,181 - root - INFO - Logger initialized.
2025-01-30 17:44:52,181 - src - INFO - App logging ready.
2025-01-30 17:44:52,192 - src.section_classes - INFO - Initialized Animal
2025-01-30 17:44:52,192 - src.section_classes - INFO - Initialized Animal
2025-01-30 17:44:52,192 - src.section_classes - INFO - Making Animal sound
2025-01-30 17:44:52,193 - src.section_classes - INFO - Making Dog sound
2025-01-30 17:44:52,193 - src.section_classes - INFO - Dog running
2025-01-30 17:44:52,193 - src.section_classes - INFO - Dog running
2025-01-30 17:44:52,194 - src.section_classes - INFO - Making Dog sound
2025-01-30 17:44:52,195 - src.section_classes - INFO - Initialized Animal
2025-01-30 17:44:52,196 - src.section_classes - INFO - Initialized Animal
2025-01-30 17:46:35,766 - root - INFO - Logger initialized.
2025-01-30 17:46:35,766 - src - INFO - App logging ready.
2025-01-30 17:46:37,652 - root - INFO - Logger initialized.
2025-01-30 17:46:37,652 - src - INFO - App logging ready.
2025-01-30 17:46:39,303 - root - INFO - Logger initialized.
2025-01-30 17:46:39,304 - src - INFO - App logging ready.
2025-01-30 17:46:46,832 - root - INFO - Logger initialized.
2025-01-30 17:46:46,832 - src - INFO - App logging ready.
2025-01-30 17:46:46,843 - src.section_classes - INFO - Initialized Animal
2025-01-30 17:46:46,843 - src.section_classes - INFO - Initialized Animal
2025-01-30 17:46:46,844 - src.section_classes - INFO - Making Animal sound
2025-01-30 17:46:46,844 - src.section_classes - INFO - Making Dog sound
2025-01-30 17:46:46,844 - src.section_classes - INFO - Dog running
2025-01-30 17:46:46,844 - src.section_classes - INFO - Dog running
2025-01-30 17:46:46,844 - src.section_classes - INFO - Making Dog sound
2025-01-30 17:46:46,845 - src.section_classes - INFO - Initialized Animal
2025-01-30 17:46:46,846 - src.section_classes - INFO - Initialized Animal
2025-01-30 17:47:20,822 - root - INFO - Logger initialized.
2025-01-30 17:47:20,822 - src - INFO - App logging ready.
2025-01-30 17:52:36,025 - root - INFO - Logger initialized.
2025-01-30 17:52:36,025 - src - INFO - App logging ready.
2025-01-30 17:52:38,231 - root - INFO - Logger initialized.
2025-01-30 17:52:38,231 - src - INFO - App logging ready.
2025-01-30 17:52:38,242 - src.section_classes - INFO - Initialized Animal
2025-01-30 17:52:38,242 - src.section_classes - INFO - Initialized Animal
2025-01-30 17:52:38,242 - src.section_classes - INFO - Making Animal sound
2025-01-30 17:52:38,243 - src.section_classes - INFO - Making Dog sound
2025-01-30 17:52:38,243 - src.section_classes - INFO - Dog running
2025-01-30 17:52:38,243 - src.section_classes - INFO - Dog running
2025-01-30 17:52:38,243 - src.section_classes - INFO - Making Dog sound
2025-01-30 17:52:38,244 - src.section_classes - INFO - Initialized Animal
2025-01-30 17:52:38,245 - src.section_classes - INFO - Initialized Animal
2025-01-30 17:54:02,856 - root - INFO - Logger initialized.
2025-01-30 17:54:02,856 - src - INFO - App logging ready.
2025-01-30 17:54:05,583 - root - INFO - Logger initialized.
2025-01-30 17:54:05,583 - src - INFO - App logging ready.
2025-01-30 17:54:17,597 - root - INFO - Logger initialized.
2025-01-30 17:54:17,597 - src - INFO - App logging ready.
2025-01-30 17:54:20,770 - root - INFO - Logger initialized.
2025-01-30 17:54:20,770 - src - INFO - App logging ready.
2025-01-30 17:54:22,267 - root - INFO - Logger initialized.
2025-01-30 17:54:22,267 - src - INFO - App logging ready.
2025-01-30 17:54:47,108 - root - INFO - Logger initialized.
2025-01-30 17:54:47,108 - src - INFO - App logging ready.
2025-01-30 17:54:49,579 - root - INFO - Logger initialized.
2025-01-30 17:54:49,580 - src - INFO - App logging ready.
2025-01-30 17:56:13,554 - root - INFO - Logger initialized.
2025-01-30 17:56:13,554 - src - INFO - App logging ready.
2025-01-30 17:56:14,853 - root - INFO - Logger initialized.
2025-01-30 17:56:14,853 - src - INFO - App logging ready.
2025-01-30 17:56:16,267 - root - INFO - Logger initialized.
2025-01-30 17:56:16,267 - src - INFO - App logging ready.
2025-01-30 18:09:13,024 - root - INFO - Logger initialized.
2025-01-30 18:09:13,024 - src - INFO - App logging ready.
2025-01-30 18:09:16,741 - root - INFO - Logger initialized.
2025-01-30 18:09:16,741 - src - INFO - App logging ready.
2025-01-30 18:09:17,884 - root - INFO - Logger initialized.
2025-01-30 18:09:17,884 - src - INFO - App logging ready.
2025-01-30 18:09:18,926 - root - INFO - Logger initialized.
2025-01-30 18:09:18,926 - src - INFO - App logging ready.
2025-01-30 18:09:37,955 - root - INFO - Logger initialized.
2025-01-30 18:09:37,955 - src - INFO - App logging ready.
2025-01-30 18:09:52,274 - root - INFO - Logger initialized.
2025-01-30 18:09:52,274 - src - INFO - App logging ready.
2025-01-30 18:09:52,284 - src.section_classes - INFO - Initialized Animal
2025-01-30 18:09:52,285 - src.section_classes - INFO - Initialized Animal
2025-01-30 18:09:52,285 - src.section_classes - INFO - Making Animal sound
2025-01-30 18:09:52,285 - src.section_classes - INFO - Making Dog sound
2025-01-30 18:09:52,285 - src.section_classes - INFO - Dog running
2025-01-30 18:09:52,285 - src.section_classes - INFO - Dog running
2025-01-30 18:09:52,286 - src.section_classes - INFO - Making Dog sound
2025-01-30 18:09:52,287 - src.section_classes - INFO - Initialized Animal
2025-01-30 18:09:52,287 - src.section_classes - INFO - Initialized Animal
2025-01-30 18:11:14,422 - root - INFO - Logger initialized.
2025-01-30 18:11:14,422 - src - INFO - App logging ready.
2025-01-30 18:11:18,424 - root - INFO - Logger initialized.
2025-01-30 18:11:18,424 - src - INFO - App logging ready.
2025-01-30 18:11:18,436 - src.section_classes - INFO - Initialized Animal
2025-01-30 18:11:18,436 - src.section_classes - INFO - Initialized Animal
2025-01-30 18:11:18,436 - src.section_classes - INFO - Making Animal sound
2025-01-30 18:11:18,436 - src.section_classes - INFO - Making Dog sound
2025-01-30 18:11:18,436 - src.section_classes - INFO - Dog running
2025-01-30 18:11:18,437 - src.section_classes - INFO - Dog running
2025-01-30 18:11:18,437 - src.section_classes - INFO - Making Dog sound
2025-01-30 18:11:18,438 - src.section_classes - INFO - Initialized Animal
2025-01-30 18:11:18,439 - src.section_classes - INFO - Initialized Animal
2025-01-30 18:12:51,495 - root - INFO - Logger initialized.
2025-01-30 18:12:51,495 - src - INFO - App logging ready.
2025-01-30 18:12:53,901 - root - INFO - Logger initialized.
2025-01-30 18:12:53,902 - src - INFO - App logging ready.
2025-01-30 18:12:56,923 - root - INFO - Logger initialized.
2025-01-30 18:12:56,923 - src - INFO - App logging ready.
2025-01-30 18:12:56,934 - src.section_classes - INFO - Initialized Animal
2025-01-30 18:12:56,934 - src.section_classes - INFO - Initialized Animal
2025-01-30 18:12:56,934 - src.section_classes - INFO - Making Animal sound
2025-01-30 18:12:56,934 - src.section_classes - INFO - Making Dog sound
2025-01-30 18:12:56,935 - src.section_classes - INFO - Dog running
2025-01-30 18:12:56,935 - src.section_classes - INFO - Dog running
2025-01-30 18:12:56,935 - src.section_classes - INFO - Making Dog sound
2025-01-30 18:12:56,937 - src.section_classes - INFO - Initialized Animal
2025-01-30 18:12:56,937 - src.section_classes - INFO - Initialized Animal
2025-01-30 18:13:08,889 - root - INFO - Logger initialized.
2025-01-30 18:13:08,889 - src - INFO - App logging ready.
2025-01-30 18:13:10,699 - root - INFO - Logger initialized.
2025-01-30 18:13:10,699 - src - INFO - App logging ready.
2025-01-30 18:13:12,740 - root - INFO - Logger initialized.
2025-01-30 18:13:12,740 - src - INFO - App logging ready.
2025-01-30 18:13:12,751 - src.section_classes - INFO - Initialized Animal
2025-01-30 18:13:12,751 - src.section_classes - INFO - Initialized Animal
2025-01-30 18:13:12,751 - src.section_classes - INFO - Making Animal sound
2025-01-30 18:13:12,752 - src.section_classes - INFO - Making Dog sound
2025-01-30 18:13:12,752 - src.section_classes - INFO - Dog running
2025-01-30 18:13:12,752 - src.section_classes - INFO - Dog running
2025-01-30 18:13:12,752 - src.section_classes - INFO - Making Dog sound
2025-01-30 18:13:12,753 - src.section_classes - INFO - Initialized Animal
2025-01-30 18:13:12,754 - src.section_classes - INFO - Initialized Animal
2025-01-30 18:21:05,761 - root - INFO - Logger initialized.
2025-01-30 18:21:05,761 - src - INFO - App logging ready.
2025-01-30 18:21:07,638 - root - INFO - Logger initialized.
2025-01-30 18:21:07,638 - src - INFO - App logging ready.
2025-01-30 18:21:24,252 - root - INFO - Logger initialized.
2025-01-30 18:21:24,252 - src - INFO - App logging ready.
2025-01-30 18:21:24,263 - src.section_classes - INFO - Initialized Animal
2025-01-30 18:21:24,263 - src.section_classes - INFO - Initialized Animal
2025-01-30 18:21:24,263 - src.section_classes - INFO - Making Animal sound
2025-01-30 18:21:24,264 - src.section_classes - INFO - Making Dog sound
2025-01-30 18:21:24,264 - src.section_classes - INFO - Dog running
2025-01-30 18:21:24,264 - src.section_classes - INFO - Dog running
2025-01-30 18:21:24,264 - src.section_classes - INFO - Making Dog sound
2025-01-30 18:21:24,265 - src.section_classes - INFO - Initialized Animal
2025-01-30 18:21:24,267 - src.section_classes - INFO - Initialized Animal
2025-01-30 18:21:55,350 - root - INFO - Logger initialized.
2025-01-30 18:21:55,350 - src - INFO - App logging ready.
2025-01-30 18:22:41,664 - root - INFO - Logger initialized.
2025-01-30 18:22:41,665 - src - INFO - App logging ready.
2025-01-30 18:23:47,927 - root - INFO - Logger initialized.
2025-01-30 18:23:47,927 - src - INFO - App logging ready.
2025-01-30 18:23:49,983 - root - INFO - Logger initialized.
2025-01-30 18:23:49,983 - src - INFO - App logging ready.
2025-01-30 18:23:51,800 - root - INFO - Logger initialized.
2025-01-30 18:23:51,800 - src - INFO - App logging ready.
2025-01-30 18:23:58,286 - root - INFO - Logger initialized.
2025-01-30 18:23:58,286 - src - INFO - App logging ready.
2025-01-30 18:23:58,298 - src.section_classes - INFO - Initialized Animal
2025-01-30 18:23:58,298 - src.section_classes - INFO - Initialized Animal
2025-01-30 18:23:58,298 - src.section_classes - INFO - Making Animal sound
2025-01-30 18:23:58,299 - src.section_classes - INFO - Making Dog sound
2025-01-30 18:23:58,299 - src.section_classes - INFO - Dog running
2025-01-30 18:23:58,299 - src.section_classes - INFO - Dog running
2025-01-30 18:23:58,299 - src.section_classes - INFO - Making Dog sound
2025-01-30 18:23:58,300 - src.section_classes - INFO - Initialized Animal
2025-01-30 18:23:58,301 - src.section_classes - INFO - Initialized Animal
2025-01-30 18:25:06,653 - root - INFO - Logger initialized.
2025-01-30 18:25:06,653 - src - INFO - App logging ready.
2025-01-30 18:25:09,920 - root - INFO - Logger initialized.
2025-01-30 18:25:09,920 - src - INFO - App logging ready.
2025-01-30 18:25:09,931 - src.section_classes - INFO - Initialized Animal
2025-01-30 18:25:09,932 - src.section_classes - INFO - Initialized Animal
2025-01-30 18:25:09,932 - src.section_classes - INFO - Making Animal sound
2025-01-30 18:25:09,932 - src.section_classes - INFO - Making Dog sound
2025-01-30 18:25:09,932 - src.section_classes - INFO - Dog running
2025-01-30 18:25:09,933 - src.section_classes - INFO - Dog running
2025-01-30 18:25:09,933 - src.section_classes - INFO - Making Dog sound
2025-01-30 18:25:09,934 - src.section_classes - INFO - Initialized Animal
2025-01-30 18:25:09,935 - src.section_classes - INFO - Initialized Animal
2025-01-30 18:25:23,867 - root - INFO - Logger initialized.
2025-01-30 18:25:23,867 - src - INFO - App logging ready.
2025-01-30 18:25:23,877 - src.section_classes - INFO - Initialized Animal
2025-01-30 18:25:23,877 - src.section_classes - INFO - Initialized Animal
2025-01-30 18:25:23,878 - src.section_classes - INFO - Making Animal sound
2025-01-30 18:25:23,878 - src.section_classes - INFO - Making Dog sound
2025-01-30 18:25:23,878 - src.section_classes - INFO - Dog running
2025-01-30 18:25:23,879 - src.section_classes - INFO - Dog running
2025-01-30 18:25:23,879 - src.section_classes - INFO - Making Dog sound
2025-01-30 18:25:23,880 - src.section_classes - INFO - Initialized Animal
2025-01-30 18:25:23,882 - src.section_classes - INFO - Initialized Animal
2025-01-30 18:27:50,175 - root - INFO - Logger initialized.
2025-01-30 18:27:50,176 - src - INFO - App logging ready.
2025-01-30 18:28:48,976 - root - INFO - Logger initialized.
2025-01-30 18:28:48,977 - src - INFO - App logging ready.
2025-01-30 18:29:18,320 - root - INFO - Logger initialized.
2025-01-30 18:29:18,320 - src - INFO - App logging ready.
2025-01-30 18:29:18,330 - src.section_classes - INFO - Initialized Animal
2025-01-30 18:29:18,330 - src.section_classes - INFO - Initialized Animal
2025-01-30 18:29:18,330 - src.section_classes - INFO - Making Animal sound
2025-01-30 18:29:18,331 - src.section_classes - INFO - Making Dog sound
2025-01-30 18:29:18,331 - src.section_classes - INFO - Dog running
2025-01-30 18:29:18,331 - src.section_classes - INFO - Dog running
2025-01-30 18:29:18,331 - src.section_classes - INFO - Making Dog sound
2025-01-30 18:29:18,332 - src.section_classes - INFO - Initialized Animal
2025-01-30 18:29:18,333 - src.section_classes - INFO - Initialized Animal
2025-01-30 18:32:51,289 - root - INFO - Logger initialized.
2025-01-30 18:32:51,289 - src - INFO - App logging ready.
2025-01-30 18:32:53,765 - root - INFO - Logger initialized.
2025-01-30 18:32:53,765 - src - INFO - App logging ready.
2025-01-30 18:33:16,882 - root - INFO - Logger initialized.
2025-01-30 18:33:16,882 - src - INFO - App logging ready.
2025-01-30 18:33:21,136 - root - INFO - Logger initialized.
2025-01-30 18:33:21,136 - src - INFO - App logging ready.
2025-01-30 18:33:21,156 - src.section_classes - INFO - Initialized Animal
2025-01-30 18:33:21,156 - src.section_classes - INFO - Initialized Animal
2025-01-30 18:33:21,156 - src.section_classes - INFO - Making Animal sound
2025-01-30 18:33:21,156 - src.section_classes - INFO - Making Dog sound
2025-01-30 18:33:21,156 - src.section_classes - INFO - Dog running
2025-01-30 18:33:21,157 - src.section_classes - INFO - Dog running
2025-01-30 18:33:21,157 - src.section_classes - INFO - Making Dog sound
2025-01-30 18:33:21,158 - src.section_classes - INFO - Initialized Animal
2025-01-30 18:33:21,158 - src.section_classes - INFO - Initialized Animal
2025-01-30 18:35:06,254 - root - INFO - Logger initialized.
2025-01-30 18:35:06,254 - src - INFO - App logging ready.
2025-01-30 18:35:17,315 - root - INFO - Logger initialized.
2025-01-30 18:35:17,315 - src - INFO - App logging ready.
2025-01-30 18:35:22,232 - root - INFO - Logger initialized.
2025-01-30 18:35:22,232 - src - INFO - App logging ready.
2025-01-30 18:35:24,181 - root - INFO - Logger initialized.
2025-01-30 18:35:24,181 - src - INFO - App logging ready.
2025-01-30 18:35:27,808 - root - INFO - Logger initialized.
2025-01-30 18:35:27,808 - src - INFO - App logging ready.
2025-01-30 18:35:29,426 - root - INFO - Logger initialized.
2025-01-30 18:35:29,426 - src - INFO - App logging ready.
2025-01-30 18:35:31,258 - root - INFO - Logger initialized.
2025-01-30 18:35:31,258 - src - INFO - App logging ready.
2025-01-30 18:35:44,402 - root - INFO - Logger initialized.
2025-01-30 18:35:44,403 - src - INFO - App logging ready.
2025-01-30 18:35:46,975 - root - INFO - Logger initialized.
2025-01-30 18:35:46,975 - src - INFO - App logging ready.
2025-01-30 18:35:46,994 - src.section_classes - INFO - Initialized Animal
2025-01-30 18:35:46,994 - src.section_classes - INFO - Initialized Animal
2025-01-30 18:35:46,995 - src.section_classes - INFO - Making Animal sound
2025-01-30 18:35:46,995 - src.section_classes - INFO - Making Dog sound
2025-01-30 18:35:46,996 - src.section_classes - INFO - Dog running
2025-01-30 18:35:46,996 - src.section_classes - INFO - Dog running
2025-01-30 18:35:46,996 - src.section_classes - INFO - Making Dog sound
2025-01-30 18:35:46,998 - src.section_classes - INFO - Initialized Animal
2025-01-30 18:35:46,999 - src.section_classes - INFO - Initialized Animal
2025-01-30 18:36:17,028 - root - INFO - Logger initialized.
2025-01-30 18:36:17,028 - src - INFO - App logging ready.
2025-01-30 18:36:20,099 - root - INFO - Logger initialized.
2025-01-30 18:36:20,099 - src - INFO - App logging ready.
2025-01-30 18:36:28,481 - root - INFO - Logger initialized.
2025-01-30 18:36:28,481 - src - INFO - App logging ready.
2025-01-30 18:36:30,502 - root - INFO - Logger initialized.
2025-01-30 18:36:30,502 - src - INFO - App logging ready.
2025-01-30 18:36:36,462 - root - INFO - Logger initialized.
2025-01-30 18:36:36,462 - src - INFO - App logging ready.
2025-01-30 18:36:36,482 - src.section_classes - INFO - Initialized Animal
2025-01-30 18:36:36,483 - src.section_classes - INFO - Initialized Animal
2025-01-30 18:36:36,483 - src.section_classes - INFO - Making Animal sound
2025-01-30 18:36:36,483 - src.section_classes - INFO - Making Dog sound
2025-01-30 18:36:36,483 - src.section_classes - INFO - Dog running
2025-01-30 18:36:36,483 - src.section_classes - INFO - Dog running
2025-01-30 18:36:36,484 - src.section_classes - INFO - Making Dog sound
2025-01-30 18:36:36,485 - src.section_classes - INFO - Initialized Animal
2025-01-30 18:36:36,485 - src.section_classes - INFO - Initialized Animal
2025-01-30 18:37:21,863 - root - INFO - Logger initialized.
2025-01-30 18:37:21,863 - src - INFO - App logging ready.
2025-01-30 18:37:25,515 - root - INFO - Logger initialized.
2025-01-30 18:37:25,515 - src - INFO - App logging ready.
2025-01-30 18:40:43,070 - root - INFO - Logger initialized.
2025-01-30 18:40:43,070 - src - INFO - App logging ready.
2025-01-30 18:47:59,920 - root - INFO - Logger initialized.
2025-01-30 18:47:59,920 - src - INFO - App logging ready.
2025-01-30 18:48:23,443 - root - INFO - Logger initialized.
2025-01-30 18:48:23,444 - src - INFO - App logging ready.
2025-01-30 18:48:23,465 - src.section_classes - INFO - Initialized Animal
2025-01-30 18:48:23,465 - src.section_classes - INFO - Initialized Animal
2025-01-30 18:48:23,466 - src.section_classes - INFO - Making Animal sound
2025-01-30 18:48:23,466 - src.section_classes - INFO - Making Dog sound
2025-01-30 18:48:23,466 - src.section_classes - INFO - Dog running
2025-01-30 18:48:23,466 - src.section_classes - INFO - Dog running
2025-01-30 18:48:23,467 - src.section_classes - INFO - Making Dog sound
2025-01-30 18:48:23,468 - src.section_classes - INFO - Initialized Animal
2025-01-30 18:48:23,469 - src.section_classes - INFO - Initialized Animal
2025-01-30 18:56:34,357 - root - INFO - Logger initialized.
2025-01-30 18:56:34,357 - src - INFO - App logging ready.
2025-01-30 19:07:32,856 - root - INFO - Logger initialized.
2025-01-30 19:07:32,857 - src - INFO - App logging ready.
2025-01-30 19:07:32,877 - src.section_classes - INFO - Initialized Animal
2025-01-30 19:07:32,877 - src.section_classes - INFO - Initialized Animal
2025-01-30 19:07:32,878 - src.section_classes - INFO - Making Animal sound
2025-01-30 19:07:32,878 - src.section_classes - INFO - Making Dog sound
2025-01-30 19:07:32,878 - src.section_classes - INFO - Dog running
2025-01-30 19:07:32,878 - src.section_classes - INFO - Dog running
2025-01-30 19:07:32,879 - src.section_classes - INFO - Making Dog sound
2025-01-30 19:07:32,880 - src.section_classes - INFO - Initialized Animal
2025-01-30 19:07:32,881 - src.section_classes - INFO - Initialized Animal
2025-01-30 19:16:14,382 - root - INFO - Logger initialized.
2025-01-30 19:16:14,383 - src - INFO - App logging ready.
2025-01-30 19:16:19,988 - root - INFO - Logger initialized.
2025-01-30 19:16:19,988 - src - INFO - App logging ready.
2025-01-30 19:16:29,818 - root - INFO - Logger initialized.
2025-01-30 19:16:29,819 - src - INFO - App logging ready.
2025-01-30 19:18:01,491 - root - INFO - Logger initialized.
2025-01-30 19:18:01,491 - src - INFO - App logging ready.
2025-01-30 19:18:05,073 - root - INFO - Logger initialized.
2025-01-30 19:18:05,073 - src - INFO - App logging ready.
2025-01-30 19:18:09,523 - root - INFO - Logger initialized.
2025-01-30 19:18:09,523 - src - INFO - App logging ready.
2025-01-30 19:18:09,532 - src.section_classes - INFO - Initialized Animal
2025-01-30 19:18:09,532 - src.section_classes - INFO - Initialized Animal
2025-01-30 19:18:09,533 - src.section_classes - INFO - Making Animal sound
2025-01-30 19:18:09,533 - src.section_classes - INFO - Making Dog sound
2025-01-30 19:18:09,533 - src.section_classes - INFO - Dog running
2025-01-30 19:18:09,533 - src.section_classes - INFO - Dog running
2025-01-30 19:18:09,534 - src.section_classes - INFO - Making Dog sound
2025-01-30 19:18:09,535 - src.section_classes - INFO - Initialized Animal
2025-01-30 19:18:09,536 - src.section_classes - INFO - Initialized Animal
2025-01-30 19:22:51,621 - root - INFO - Logger initialized.
2025-01-30 19:22:51,621 - src - INFO - App logging ready.
2025-01-30 19:22:54,353 - root - INFO - Logger initialized.
2025-01-30 19:22:54,354 - src - INFO - App logging ready.
2025-01-30 19:22:54,364 - src.section_classes - INFO - Initialized Animal
2025-01-30 19:22:54,365 - src.section_classes - INFO - Initialized Animal
2025-01-30 19:22:54,365 - src.section_classes - INFO - Making Animal sound
2025-01-30 19:22:54,365 - src.section_classes - INFO - Making Dog sound
2025-01-30 19:22:54,366 - src.section_classes - INFO - Dog running
2025-01-30 19:22:54,366 - src.section_classes - INFO - Dog running
2025-01-30 19:22:54,366 - src.section_classes - INFO - Making Dog sound
2025-01-30 19:22:54,367 - src.section_classes - INFO - Initialized Animal
2025-01-30 19:22:54,368 - src.section_classes - INFO - Initialized Animal
2025-01-30 19:28:41,975 - root - INFO - Logger initialized.
2025-01-30 19:28:41,975 - src - INFO - App logging ready.
2025-01-30 19:28:44,019 - root - INFO - Logger initialized.
2025-01-30 19:28:44,019 - src - INFO - App logging ready.
2025-01-30 19:28:44,033 - src.section_classes - INFO - Initialized Animal
2025-01-30 19:28:44,033 - src.section_classes - INFO - Initialized Animal
2025-01-30 19:28:44,034 - src.section_classes - INFO - Making Animal sound
2025-01-30 19:28:44,034 - src.section_classes - INFO - Making Dog sound
2025-01-30 19:28:44,034 - src.section_classes - INFO - Dog running
2025-01-30 19:28:44,035 - src.section_classes - INFO - Dog running
2025-01-30 19:28:44,035 - src.section_classes - INFO - Making Dog sound
2025-01-30 19:28:44,036 - src.section_classes - INFO - Initialized Animal
2025-01-30 19:28:44,037 - src.section_classes - INFO - Initialized Animal
2025-01-30 19:36:48,342 - root - INFO - Logger initialized.
2025-01-30 19:36:48,342 - src - INFO - App logging ready.
2025-01-30 19:37:39,491 - root - INFO - Logger initialized.
2025-01-30 19:37:39,491 - src - INFO - App logging ready.
2025-01-30 19:37:39,505 - src.section_classes - INFO - Initialized Animal
2025-01-30 19:37:39,505 - src.section_classes - INFO - Initialized Animal
2025-01-30 19:37:39,505 - src.section_classes - INFO - Making Animal sound
2025-01-30 19:37:39,505 - src.section_classes - INFO - Making Dog sound
2025-01-30 19:37:39,506 - src.section_classes - INFO - Dog running
2025-01-30 19:37:39,506 - src.section_classes - INFO - Dog running
2025-01-30 19:37:39,506 - src.section_classes - INFO - Making Dog sound
2025-01-30 19:37:39,507 - src.section_classes - INFO - Initialized Animal
2025-01-30 19:37:39,508 - src.section_classes - INFO - Initialized Animal
2025-01-30 19:53:33,804 - root - INFO - Logger initialized.
2025-01-30 19:53:33,804 - src - INFO - App logging ready.
2025-01-30 19:53:33,815 - src.section_classes - INFO - Initialized Animal
2025-01-30 19:53:33,815 - src.section_classes - INFO - Initialized Animal
2025-01-30 19:53:33,815 - src.section_classes - INFO - Making Animal sound
2025-01-30 19:53:33,815 - src.section_classes - INFO - Making Dog sound
2025-01-30 19:53:33,815 - src.section_classes - INFO - Dog running
2025-01-30 19:53:33,818 - src.section_classes - INFO - Dog running
2025-01-30 19:53:33,818 - src.section_classes - INFO - Making Dog sound
2025-01-30 19:53:33,823 - src.section_classes - INFO - Initialized Animal
2025-01-30 19:53:33,824 - src.section_classes - INFO - Initialized Animal
2025-01-30 19:54:17,184 - root - INFO - Logger initialized.
2025-01-30 19:54:17,184 - src - INFO - App logging ready.
2025-01-30 19:54:17,195 - src.section_classes - INFO - Initialized Animal
2025-01-30 19:54:17,195 - src.section_classes - INFO - Initialized Animal
2025-01-30 19:54:17,196 - src.section_classes - INFO - Making Animal sound
2025-01-30 19:54:17,196 - src.section_classes - INFO - Making Dog sound
2025-01-30 19:54:17,196 - src.section_classes - INFO - Dog running
2025-01-30 19:54:17,196 - src.section_classes - INFO - Dog running
2025-01-30 19:54:17,196 - src.section_classes - INFO - Making Dog sound
2025-01-30 19:54:17,197 - src.section_classes - INFO - Initialized Animal
2025-01-30 19:54:17,198 - src.section_classes - INFO - Initialized Animal
2025-01-30 19:54:37,458 - root - INFO - Logger initialized.
2025-01-30 19:54:37,458 - src - INFO - App logging ready.
2025-01-30 19:54:37,469 - src.section_classes - INFO - Initialized Animal
2025-01-30 19:54:37,469 - src.section_classes - INFO - Initialized Animal
2025-01-30 19:54:37,469 - src.section_classes - INFO - Making Animal sound
2025-01-30 19:54:37,469 - src.section_classes - INFO - Making Dog sound
2025-01-30 19:54:37,469 - src.section_classes - INFO - Dog running
2025-01-30 19:54:37,470 - src.section_classes - INFO - Dog running
2025-01-30 19:54:37,470 - src.section_classes - INFO - Making Dog sound
2025-01-30 19:54:37,471 - src.section_classes - INFO - Initialized Animal
2025-01-30 19:54:37,472 - src.section_classes - INFO - Initialized Animal
2025-01-30 19:57:25,578 - root - INFO - Logger initialized.
2025-01-30 19:57:25,579 - src - INFO - App logging ready.
2025-01-30 19:57:32,182 - root - INFO - Logger initialized.
2025-01-30 19:57:32,183 - src - INFO - App logging ready.
2025-01-30 19:57:37,529 - root - INFO - Logger initialized.
2025-01-30 19:57:37,529 - src - INFO - App logging ready.
2025-01-30 19:57:41,127 - root - INFO - Logger initialized.
2025-01-30 19:57:41,128 - src - INFO - App logging ready.
2025-01-30 19:57:47,797 - root - INFO - Logger initialized.
2025-01-30 19:57:47,797 - src - INFO - App logging ready.
2025-01-30 19:57:47,806 - src.section_classes - INFO - Initialized Animal
2025-01-30 19:57:47,806 - src.section_classes - INFO - Initialized Animal
2025-01-30 19:57:47,806 - src.section_classes - INFO - Making Animal sound
2025-01-30 19:57:47,806 - src.section_classes - INFO - Making Dog sound
2025-01-30 19:57:47,807 - src.section_classes - INFO - Dog running
2025-01-30 19:57:47,807 - src.section_classes - INFO - Dog running
2025-01-30 19:57:47,807 - src.section_classes - INFO - Making Dog sound
2025-01-30 19:57:47,808 - src.section_classes - INFO - Initialized Animal
2025-01-30 19:57:47,809 - src.section_classes - INFO - Initialized Animal
2025-01-30 19:58:26,749 - root - INFO - Logger initialized.
2025-01-30 19:58:26,749 - src - INFO - App logging ready.
2025-01-30 20:10:21,111 - root - INFO - Logger initialized.
2025-01-30 20:10:21,112 - src - INFO - App logging ready.
2025-01-30 20:10:24,621 - root - INFO - Logger initialized.
2025-01-30 20:10:24,621 - src - INFO - App logging ready.
2025-01-30 20:10:33,509 - root - INFO - Logger initialized.
2025-01-30 20:10:33,509 - src - INFO - App logging ready.
2025-01-30 20:10:39,082 - root - INFO - Logger initialized.
2025-01-30 20:10:39,082 - src - INFO - App logging ready.
2025-01-30 20:10:41,327 - root - INFO - Logger initialized.
2025-01-30 20:10:41,328 - src - INFO - App logging ready.
